<?xml version="1.0" encoding="UTF-8"?>
<testng-results skipped="0" failed="0" ignored="0" total="1" passed="1">
  <reporter-output>
  </reporter-output>
  <suite name="Default suite" duration-ms="19243" started-at="2019-08-06T08:59:26Z" finished-at="2019-08-06T08:59:45Z">
    <groups>
    </groups>
    <test name="Default test" duration-ms="19243" started-at="2019-08-06T08:59:26Z" finished-at="2019-08-06T08:59:45Z">
      <class name="com.shopcart.dashboard.testcases.LoginPageTest">
        <test-method status="PASS" signature="setUp()[pri:0, instance:com.shopcart.dashboard.testcases.LoginPageTest@475530b9]" name="setUp" is-config="true" duration-ms="16817" started-at="2019-08-06T08:59:26Z" finished-at="2019-08-06T08:59:43Z">
          <reporter-output>
          </reporter-output>
        </test-method> <!-- setUp -->
        <test-method status="PASS" signature="loginTest()[pri:0, instance:com.shopcart.dashboard.testcases.LoginPageTest@475530b9]" name="loginTest" duration-ms="1404" started-at="2019-08-06T08:59:43Z" finished-at="2019-08-06T08:59:44Z">
          <reporter-output>
          </reporter-output>
        </test-method> <!-- loginTest -->
        <test-method status="PASS" signature="tearDown()[pri:0, instance:com.shopcart.dashboard.testcases.LoginPageTest@475530b9]" name="tearDown" is-config="true" duration-ms="955" started-at="2019-08-06T08:59:44Z" finished-at="2019-08-06T08:59:45Z">
          <reporter-output>
          </reporter-output>
        </test-method> <!-- tearDown -->
      </class> <!-- com.shopcart.dashboard.testcases.LoginPageTest -->
    </test> <!-- Default test -->
  </suite> <!-- Default suite -->
</testng-results>
